0 info it worked if it ends with ok
1 verbose cli [ '/usr/bin/nodejs',
1 verbose cli   '/usr/bin/npm',
1 verbose cli   'install',
1 verbose cli   'mxgraph',
1 verbose cli   '--save' ]
2 info using npm@3.5.2
3 info using node@v4.2.6
4 silly loadCurrentTree Starting
5 silly install loadCurrentTree
6 silly install readLocalPackageData
7 silly fetchPackageMetaData mxgraph
8 silly fetchNamedPackageData mxgraph
9 silly mapToRegistry name mxgraph
10 silly mapToRegistry using default registry
11 silly mapToRegistry registry https://registry.npmjs.org/
12 silly mapToRegistry uri https://registry.npmjs.org/mxgraph
13 verbose request uri https://registry.npmjs.org/mxgraph
14 verbose request no auth needed
15 info attempt registry request try #1 at 1:32:24 PM
16 verbose request id 0037d173a06b76b3
17 verbose etag "5afd2d45-5559"
18 verbose lastModified Thu, 17 May 2018 7:20:37 GMT
19 http request GET https://registry.npmjs.org/mxgraph
20 http 304 https://registry.npmjs.org/mxgraph
21 verbose headers { date: 'Thu, 24 May 2018 08:02:40 GMT',
21 verbose headers   via: '1.1 varnish',
21 verbose headers   'cache-control': 'max-age=300',
21 verbose headers   etag: '"5afd2d45-5559"',
21 verbose headers   age: '0',
21 verbose headers   connection: 'keep-alive',
21 verbose headers   'x-served-by': 'cache-ams4426-AMS',
21 verbose headers   'x-cache': 'MISS',
21 verbose headers   'x-cache-hits': '0',
21 verbose headers   'x-timer': 'S1527148960.378834,VS0,VE226',
21 verbose headers   vary: 'Accept-Encoding, Accept' }
22 silly get cb [ 304,
22 silly get   { date: 'Thu, 24 May 2018 08:02:40 GMT',
22 silly get     via: '1.1 varnish',
22 silly get     'cache-control': 'max-age=300',
22 silly get     etag: '"5afd2d45-5559"',
22 silly get     age: '0',
22 silly get     connection: 'keep-alive',
22 silly get     'x-served-by': 'cache-ams4426-AMS',
22 silly get     'x-cache': 'MISS',
22 silly get     'x-cache-hits': '0',
22 silly get     'x-timer': 'S1527148960.378834,VS0,VE226',
22 silly get     vary: 'Accept-Encoding, Accept' } ]
23 verbose etag https://registry.npmjs.org/mxgraph from cache
24 verbose get saving mxgraph to /home/tenzin/.npm/registry.npmjs.org/mxgraph/.cache.json
25 silly install normalizeTree
26 silly loadCurrentTree Finishing
27 silly loadIdealTree Starting
28 silly install loadIdealTree
29 silly cloneCurrentTree Starting
30 silly install cloneCurrentTreeToIdealTree
31 silly cloneCurrentTree Finishing
32 silly loadShrinkwrap Starting
33 silly install loadShrinkwrap
34 silly loadShrinkwrap Finishing
35 silly loadAllDepsIntoIdealTree Starting
36 silly install loadAllDepsIntoIdealTree
37 silly resolveWithNewModule mxgraph@3.9.4 checking installable status
38 silly cache add args [ 'mxgraph', null ]
39 verbose cache add spec mxgraph
40 silly cache add parsed spec Result {
40 silly cache add   raw: 'mxgraph',
40 silly cache add   scope: null,
40 silly cache add   name: 'mxgraph',
40 silly cache add   rawSpec: '',
40 silly cache add   spec: 'latest',
40 silly cache add   type: 'tag' }
41 silly addNamed mxgraph@latest
42 verbose addNamed "latest" is being treated as a dist-tag for mxgraph
43 info addNameTag [ 'mxgraph', 'latest' ]
44 silly mapToRegistry name mxgraph
45 silly mapToRegistry using default registry
46 silly mapToRegistry registry https://registry.npmjs.org/
47 silly mapToRegistry uri https://registry.npmjs.org/mxgraph
48 verbose addNameTag registry:https://registry.npmjs.org/mxgraph not in flight; fetching
49 verbose get https://registry.npmjs.org/mxgraph not expired, no request
50 silly addNameTag next cb for mxgraph with tag latest
51 silly addNamed mxgraph@3.9.4
52 verbose addNamed "3.9.4" is a plain semver version for mxgraph
53 silly mapToRegistry name mxgraph
54 silly mapToRegistry using default registry
55 silly mapToRegistry registry https://registry.npmjs.org/
56 silly mapToRegistry uri https://registry.npmjs.org/mxgraph
57 verbose addRemoteTarball https://registry.npmjs.org/mxgraph/-/mxgraph-3.9.4.tgz not in flight; adding
58 verbose addRemoteTarball [ 'https://registry.npmjs.org/mxgraph/-/mxgraph-3.9.4.tgz',
58 verbose addRemoteTarball   '7a8fd2eba1bce4e1ab4e7dec9bc809303ea0e548' ]
59 info retry fetch attempt 1 at 1:32:41 PM
60 info attempt registry request try #1 at 1:32:41 PM
61 http fetch GET https://registry.npmjs.org/mxgraph/-/mxgraph-3.9.4.tgz
62 http fetch 200 https://registry.npmjs.org/mxgraph/-/mxgraph-3.9.4.tgz
63 silly fetchAndShaCheck shasum 7a8fd2eba1bce4e1ab4e7dec9bc809303ea0e548
64 verbose addTmpTarball /tmp/npm-7148-e0450a21/registry.npmjs.org/mxgraph/-/mxgraph-3.9.4.tgz not in flight; adding
65 verbose addTmpTarball already have metadata; skipping unpack for mxgraph@3.9.4
66 silly cache afterAdd mxgraph@3.9.4
67 verbose afterAdd /home/tenzin/.npm/mxgraph/3.9.4/package/package.json not in flight; writing
68 verbose afterAdd /home/tenzin/.npm/mxgraph/3.9.4/package/package.json written
69 silly loadAllDepsIntoIdealTree Finishing
70 silly idealTree:prePrune socket-chat-example@0.0.1
70 silly idealTree:prePrune ├── accepts@1.3.5
70 silly idealTree:prePrune ├── after@0.8.2
70 silly idealTree:prePrune ├── array-flatten@1.1.1
70 silly idealTree:prePrune ├── arraybuffer.slice@0.0.7
70 silly idealTree:prePrune ├── async-limiter@1.0.0
70 silly idealTree:prePrune ├── backo2@1.0.2
70 silly idealTree:prePrune ├── base64-arraybuffer@0.1.5
70 silly idealTree:prePrune ├── base64id@1.0.0
70 silly idealTree:prePrune ├── better-assert@1.0.2
70 silly idealTree:prePrune ├── bignumber.js@4.0.4
70 silly idealTree:prePrune ├── blob@0.0.4
70 silly idealTree:prePrune ├── callsite@1.0.0
70 silly idealTree:prePrune ├── component-bind@1.0.0
70 silly idealTree:prePrune ├── component-emitter@1.2.1
70 silly idealTree:prePrune ├── component-inherit@0.0.3
70 silly idealTree:prePrune ├── content-disposition@0.5.2
70 silly idealTree:prePrune ├── content-type@1.0.4
70 silly idealTree:prePrune ├── cookie-signature@1.0.6
70 silly idealTree:prePrune ├── cookie@0.3.1
70 silly idealTree:prePrune ├── core-util-is@1.0.2
70 silly idealTree:prePrune ├── debug@2.6.1
70 silly idealTree:prePrune ├── depd@1.1.2
70 silly idealTree:prePrune ├── destroy@1.0.4
70 silly idealTree:prePrune ├── ee-first@1.1.1
70 silly idealTree:prePrune ├── ejs@2.5.8
70 silly idealTree:prePrune ├── encodeurl@1.0.2
70 silly idealTree:prePrune ├─┬ engine.io-client@3.2.1
70 silly idealTree:prePrune │ ├── debug@3.1.0
70 silly idealTree:prePrune │ └── ms@2.0.0
70 silly idealTree:prePrune ├── engine.io-parser@2.1.2
70 silly idealTree:prePrune ├─┬ engine.io@3.2.0
70 silly idealTree:prePrune │ ├── debug@3.1.0
70 silly idealTree:prePrune │ └── ms@2.0.0
70 silly idealTree:prePrune ├── escape-html@1.0.3
70 silly idealTree:prePrune ├── etag@1.8.1
70 silly idealTree:prePrune ├── express@4.15.2
70 silly idealTree:prePrune ├─┬ finalhandler@1.0.6
70 silly idealTree:prePrune │ ├── debug@2.6.9
70 silly idealTree:prePrune │ └── ms@2.0.0
70 silly idealTree:prePrune ├── forwarded@0.1.2
70 silly idealTree:prePrune ├── fresh@0.5.0
70 silly idealTree:prePrune ├── has-binary2@1.0.2
70 silly idealTree:prePrune ├── has-cors@1.1.0
70 silly idealTree:prePrune ├─┬ http-errors@1.6.3
70 silly idealTree:prePrune │ ├── setprototypeof@1.1.0
70 silly idealTree:prePrune │ └── statuses@1.5.0
70 silly idealTree:prePrune ├── indexof@0.0.1
70 silly idealTree:prePrune ├── inherits@2.0.3
70 silly idealTree:prePrune ├── ipaddr.js@1.4.0
70 silly idealTree:prePrune ├── isarray@2.0.1
70 silly idealTree:prePrune ├── media-typer@0.3.0
70 silly idealTree:prePrune ├── merge-descriptors@1.0.1
70 silly idealTree:prePrune ├── methods@1.1.2
70 silly idealTree:prePrune ├── mime-db@1.33.0
70 silly idealTree:prePrune ├── mime-types@2.1.18
70 silly idealTree:prePrune ├── mime@1.3.4
70 silly idealTree:prePrune ├── ms@0.7.2
70 silly idealTree:prePrune ├── mxgraph@3.9.4
70 silly idealTree:prePrune ├── mysql@2.15.0
70 silly idealTree:prePrune ├── negotiator@0.6.1
70 silly idealTree:prePrune ├── object-component@0.0.3
70 silly idealTree:prePrune ├── on-finished@2.3.0
70 silly idealTree:prePrune ├── parseqs@0.0.5
70 silly idealTree:prePrune ├── parseuri@0.0.5
70 silly idealTree:prePrune ├── parseurl@1.3.2
70 silly idealTree:prePrune ├── path-to-regexp@0.1.7
70 silly idealTree:prePrune ├── process-nextick-args@1.0.7
70 silly idealTree:prePrune ├── proxy-addr@1.1.5
70 silly idealTree:prePrune ├── qs@6.4.0
70 silly idealTree:prePrune ├── range-parser@1.2.0
70 silly idealTree:prePrune ├─┬ readable-stream@2.3.3
70 silly idealTree:prePrune │ └── isarray@1.0.0
70 silly idealTree:prePrune ├── safe-buffer@5.1.1
70 silly idealTree:prePrune ├── send@0.15.1
70 silly idealTree:prePrune ├── serve-static@1.12.1
70 silly idealTree:prePrune ├── setprototypeof@1.0.3
70 silly idealTree:prePrune ├── socket.io-adapter@1.1.1
70 silly idealTree:prePrune ├─┬ socket.io-client@2.1.0
70 silly idealTree:prePrune │ ├── debug@3.1.0
70 silly idealTree:prePrune │ └── ms@2.0.0
70 silly idealTree:prePrune ├─┬ socket.io-parser@3.2.0
70 silly idealTree:prePrune │ ├── debug@3.1.0
70 silly idealTree:prePrune │ └── ms@2.0.0
70 silly idealTree:prePrune ├─┬ socket.io@2.1.0
70 silly idealTree:prePrune │ ├── debug@3.1.0
70 silly idealTree:prePrune │ └── ms@2.0.0
70 silly idealTree:prePrune ├── sqlstring@2.3.0
70 silly idealTree:prePrune ├── statuses@1.3.1
70 silly idealTree:prePrune ├── string_decoder@1.0.3
70 silly idealTree:prePrune ├── to-array@0.1.4
70 silly idealTree:prePrune ├── type-is@1.6.16
70 silly idealTree:prePrune ├── ultron@1.1.1
70 silly idealTree:prePrune ├── unpipe@1.0.0
70 silly idealTree:prePrune ├── util-deprecate@1.0.2
70 silly idealTree:prePrune ├── utils-merge@1.0.0
70 silly idealTree:prePrune ├── vary@1.1.2
70 silly idealTree:prePrune ├── ws@3.3.3
70 silly idealTree:prePrune ├── xmlhttprequest-ssl@1.5.5
70 silly idealTree:prePrune └── yeast@0.1.2
71 silly loadIdealTree Finishing
72 silly currentTree socket-chat-example@0.0.1
72 silly currentTree ├── accepts@1.3.5
72 silly currentTree ├── after@0.8.2
72 silly currentTree ├── array-flatten@1.1.1
72 silly currentTree ├── arraybuffer.slice@0.0.7
72 silly currentTree ├── async-limiter@1.0.0
72 silly currentTree ├── backo2@1.0.2
72 silly currentTree ├── base64-arraybuffer@0.1.5
72 silly currentTree ├── base64id@1.0.0
72 silly currentTree ├── better-assert@1.0.2
72 silly currentTree ├── bignumber.js@4.0.4
72 silly currentTree ├── blob@0.0.4
72 silly currentTree ├── callsite@1.0.0
72 silly currentTree ├── component-bind@1.0.0
72 silly currentTree ├── component-emitter@1.2.1
72 silly currentTree ├── component-inherit@0.0.3
72 silly currentTree ├── content-disposition@0.5.2
72 silly currentTree ├── content-type@1.0.4
72 silly currentTree ├── cookie-signature@1.0.6
72 silly currentTree ├── cookie@0.3.1
72 silly currentTree ├── core-util-is@1.0.2
72 silly currentTree ├── debug@2.6.1
72 silly currentTree ├── depd@1.1.2
72 silly currentTree ├── destroy@1.0.4
72 silly currentTree ├── ee-first@1.1.1
72 silly currentTree ├── ejs@2.5.8
72 silly currentTree ├── encodeurl@1.0.2
72 silly currentTree ├─┬ engine.io-client@3.2.1
72 silly currentTree │ ├── debug@3.1.0
72 silly currentTree │ └── ms@2.0.0
72 silly currentTree ├── engine.io-parser@2.1.2
72 silly currentTree ├─┬ engine.io@3.2.0
72 silly currentTree │ ├── debug@3.1.0
72 silly currentTree │ └── ms@2.0.0
72 silly currentTree ├── escape-html@1.0.3
72 silly currentTree ├── etag@1.8.1
72 silly currentTree ├── express@4.15.2
72 silly currentTree ├─┬ finalhandler@1.0.6
72 silly currentTree │ ├── debug@2.6.9
72 silly currentTree │ └── ms@2.0.0
72 silly currentTree ├── forwarded@0.1.2
72 silly currentTree ├── fresh@0.5.0
72 silly currentTree ├── has-binary2@1.0.2
72 silly currentTree ├── has-cors@1.1.0
72 silly currentTree ├─┬ http-errors@1.6.3
72 silly currentTree │ ├── setprototypeof@1.1.0
72 silly currentTree │ └── statuses@1.5.0
72 silly currentTree ├── indexof@0.0.1
72 silly currentTree ├── inherits@2.0.3
72 silly currentTree ├── ipaddr.js@1.4.0
72 silly currentTree ├── isarray@2.0.1
72 silly currentTree ├── media-typer@0.3.0
72 silly currentTree ├── merge-descriptors@1.0.1
72 silly currentTree ├── methods@1.1.2
72 silly currentTree ├── mime-db@1.33.0
72 silly currentTree ├── mime-types@2.1.18
72 silly currentTree ├── mime@1.3.4
72 silly currentTree ├── ms@0.7.2
72 silly currentTree ├── mxgraph@3.9.3
72 silly currentTree ├── mysql@2.15.0
72 silly currentTree ├── negotiator@0.6.1
72 silly currentTree ├── object-component@0.0.3
72 silly currentTree ├── on-finished@2.3.0
72 silly currentTree ├── parseqs@0.0.5
72 silly currentTree ├── parseuri@0.0.5
72 silly currentTree ├── parseurl@1.3.2
72 silly currentTree ├── path-to-regexp@0.1.7
72 silly currentTree ├── process-nextick-args@1.0.7
72 silly currentTree ├── proxy-addr@1.1.5
72 silly currentTree ├── qs@6.4.0
72 silly currentTree ├── range-parser@1.2.0
72 silly currentTree ├─┬ readable-stream@2.3.3
72 silly currentTree │ └── isarray@1.0.0
72 silly currentTree ├── safe-buffer@5.1.1
72 silly currentTree ├── send@0.15.1
72 silly currentTree ├── serve-static@1.12.1
72 silly currentTree ├── setprototypeof@1.0.3
72 silly currentTree ├── socket.io-adapter@1.1.1
72 silly currentTree ├─┬ socket.io-client@2.1.0
72 silly currentTree │ ├── debug@3.1.0
72 silly currentTree │ └── ms@2.0.0
72 silly currentTree ├─┬ socket.io-parser@3.2.0
72 silly currentTree │ ├── debug@3.1.0
72 silly currentTree │ └── ms@2.0.0
72 silly currentTree ├─┬ socket.io@2.1.0
72 silly currentTree │ ├── debug@3.1.0
72 silly currentTree │ └── ms@2.0.0
72 silly currentTree ├── sqlstring@2.3.0
72 silly currentTree ├── statuses@1.3.1
72 silly currentTree ├── string_decoder@1.0.3
72 silly currentTree ├── to-array@0.1.4
72 silly currentTree ├── type-is@1.6.16
72 silly currentTree ├── ultron@1.1.1
72 silly currentTree ├── unpipe@1.0.0
72 silly currentTree ├── util-deprecate@1.0.2
72 silly currentTree ├── utils-merge@1.0.0
72 silly currentTree ├── vary@1.1.2
72 silly currentTree ├── ws@3.3.3
72 silly currentTree ├── xmlhttprequest-ssl@1.5.5
72 silly currentTree └── yeast@0.1.2
73 silly idealTree socket-chat-example@0.0.1
73 silly idealTree ├── accepts@1.3.5
73 silly idealTree ├── after@0.8.2
73 silly idealTree ├── array-flatten@1.1.1
73 silly idealTree ├── arraybuffer.slice@0.0.7
73 silly idealTree ├── async-limiter@1.0.0
73 silly idealTree ├── backo2@1.0.2
73 silly idealTree ├── base64-arraybuffer@0.1.5
73 silly idealTree ├── base64id@1.0.0
73 silly idealTree ├── better-assert@1.0.2
73 silly idealTree ├── bignumber.js@4.0.4
73 silly idealTree ├── blob@0.0.4
73 silly idealTree ├── callsite@1.0.0
73 silly idealTree ├── component-bind@1.0.0
73 silly idealTree ├── component-emitter@1.2.1
73 silly idealTree ├── component-inherit@0.0.3
73 silly idealTree ├── content-disposition@0.5.2
73 silly idealTree ├── content-type@1.0.4
73 silly idealTree ├── cookie-signature@1.0.6
73 silly idealTree ├── cookie@0.3.1
73 silly idealTree ├── core-util-is@1.0.2
73 silly idealTree ├── debug@2.6.1
73 silly idealTree ├── depd@1.1.2
73 silly idealTree ├── destroy@1.0.4
73 silly idealTree ├── ee-first@1.1.1
73 silly idealTree ├── ejs@2.5.8
73 silly idealTree ├── encodeurl@1.0.2
73 silly idealTree ├─┬ engine.io-client@3.2.1
73 silly idealTree │ ├── debug@3.1.0
73 silly idealTree │ └── ms@2.0.0
73 silly idealTree ├── engine.io-parser@2.1.2
73 silly idealTree ├─┬ engine.io@3.2.0
73 silly idealTree │ ├── debug@3.1.0
73 silly idealTree │ └── ms@2.0.0
73 silly idealTree ├── escape-html@1.0.3
73 silly idealTree ├── etag@1.8.1
73 silly idealTree ├── express@4.15.2
73 silly idealTree ├─┬ finalhandler@1.0.6
73 silly idealTree │ ├── debug@2.6.9
73 silly idealTree │ └── ms@2.0.0
73 silly idealTree ├── forwarded@0.1.2
73 silly idealTree ├── fresh@0.5.0
73 silly idealTree ├── has-binary2@1.0.2
73 silly idealTree ├── has-cors@1.1.0
73 silly idealTree ├─┬ http-errors@1.6.3
73 silly idealTree │ ├── setprototypeof@1.1.0
73 silly idealTree │ └── statuses@1.5.0
73 silly idealTree ├── indexof@0.0.1
73 silly idealTree ├── inherits@2.0.3
73 silly idealTree ├── ipaddr.js@1.4.0
73 silly idealTree ├── isarray@2.0.1
73 silly idealTree ├── media-typer@0.3.0
73 silly idealTree ├── merge-descriptors@1.0.1
73 silly idealTree ├── methods@1.1.2
73 silly idealTree ├── mime-db@1.33.0
73 silly idealTree ├── mime-types@2.1.18
73 silly idealTree ├── mime@1.3.4
73 silly idealTree ├── ms@0.7.2
73 silly idealTree ├── mxgraph@3.9.4
73 silly idealTree ├── mysql@2.15.0
73 silly idealTree ├── negotiator@0.6.1
73 silly idealTree ├── object-component@0.0.3
73 silly idealTree ├── on-finished@2.3.0
73 silly idealTree ├── parseqs@0.0.5
73 silly idealTree ├── parseuri@0.0.5
73 silly idealTree ├── parseurl@1.3.2
73 silly idealTree ├── path-to-regexp@0.1.7
73 silly idealTree ├── process-nextick-args@1.0.7
73 silly idealTree ├── proxy-addr@1.1.5
73 silly idealTree ├── qs@6.4.0
73 silly idealTree ├── range-parser@1.2.0
73 silly idealTree ├─┬ readable-stream@2.3.3
73 silly idealTree │ └── isarray@1.0.0
73 silly idealTree ├── safe-buffer@5.1.1
73 silly idealTree ├── send@0.15.1
73 silly idealTree ├── serve-static@1.12.1
73 silly idealTree ├── setprototypeof@1.0.3
73 silly idealTree ├── socket.io-adapter@1.1.1
73 silly idealTree ├─┬ socket.io-client@2.1.0
73 silly idealTree │ ├── debug@3.1.0
73 silly idealTree │ └── ms@2.0.0
73 silly idealTree ├─┬ socket.io-parser@3.2.0
73 silly idealTree │ ├── debug@3.1.0
73 silly idealTree │ └── ms@2.0.0
73 silly idealTree ├─┬ socket.io@2.1.0
73 silly idealTree │ ├── debug@3.1.0
73 silly idealTree │ └── ms@2.0.0
73 silly idealTree ├── sqlstring@2.3.0
73 silly idealTree ├── statuses@1.3.1
73 silly idealTree ├── string_decoder@1.0.3
73 silly idealTree ├── to-array@0.1.4
73 silly idealTree ├── type-is@1.6.16
73 silly idealTree ├── ultron@1.1.1
73 silly idealTree ├── unpipe@1.0.0
73 silly idealTree ├── util-deprecate@1.0.2
73 silly idealTree ├── utils-merge@1.0.0
73 silly idealTree ├── vary@1.1.2
73 silly idealTree ├── ws@3.3.3
73 silly idealTree ├── xmlhttprequest-ssl@1.5.5
73 silly idealTree └── yeast@0.1.2
74 silly generateActionsToTake Starting
75 silly install generateActionsToTake
76 warn checkPermissions Missing write access to /media/tenzin/DATA/capacloud/documents/project/server/forum/node_modules/mxgraph
77 silly rollbackFailedOptional Starting
78 silly rollbackFailedOptional Finishing
79 silly runTopLevelLifecycles Starting
80 silly runTopLevelLifecycles Finishing
81 silly install printInstalled
82 warn socket-chat-example@0.0.1 No repository field.
83 warn socket-chat-example@0.0.1 No license field.
84 verbose stack Error: ENOENT: no such file or directory, access '/media/tenzin/DATA/capacloud/documents/project/server/forum/node_modules/mxgraph'
84 verbose stack     at Error (native)
85 verbose cwd /media/tenzin/DATA/capacloud/documents/project/server/forum
86 error Linux 4.4.0-119-generic
87 error argv "/usr/bin/nodejs" "/usr/bin/npm" "install" "mxgraph" "--save"
88 error node v4.2.6
89 error npm  v3.5.2
90 error path /media/tenzin/DATA/capacloud/documents/project/server/forum/node_modules/mxgraph
91 error code ENOENT
92 error errno -2
93 error syscall access
94 error enoent ENOENT: no such file or directory, access '/media/tenzin/DATA/capacloud/documents/project/server/forum/node_modules/mxgraph'
95 error enoent ENOENT: no such file or directory, access '/media/tenzin/DATA/capacloud/documents/project/server/forum/node_modules/mxgraph'
95 error enoent This is most likely not a problem with npm itself
95 error enoent and is related to npm not being able to find a file.
96 verbose exit [ -2, true ]
